# JRE version: Java(TM) SE Runtime Environment (7.0_67-b01) (build 1.7.0_67-b01)
# Java VM: Java HotSpot(TM) 64-Bit Server VM (24.65-b04 mixed mode windows-amd64 compressed oops)
Heap
 PSYoungGen      total 142336K, used 17249K [0x00000000eaa80000, 0x00000000fd680000, 0x0000000100000000)
  eden space 125440K, 0% used [0x00000000eaa80000,0x00000000eaadaee0,0x00000000f2500000)
  from space 16896K, 99% used [0x00000000f2500000,0x00000000f357d5e0,0x00000000f3580000)
  to   space 28160K, 0% used [0x00000000fbb00000,0x00000000fbb00000,0x00000000fd680000)
 ParOldGen       total 83968K, used 33399K [0x00000000c0000000, 0x00000000c5200000, 0x00000000eaa80000)
  object space 83968K, 39% used [0x00000000c0000000,0x00000000c209de88,0x00000000c5200000)
 PSPermGen       total 21504K, used 6114K [0x00000000bae00000, 0x00000000bc300000, 0x00000000c0000000)
  object space 21504K, 28% used [0x00000000bae00000,0x00000000bb3f89c0,0x00000000bc300000)
GC Heap History (10 events):
Event: 2.616 GC heap before
{Heap before GC invocations=3 (full 0):
 PSYoungGen      total 37376K, used 37366K [0x00000000eaa80000, 0x00000000ef380000, 0x0000000100000000)
  eden space 32256K, 100% used [0x00000000eaa80000,0x00000000eca00000,0x00000000eca00000)
  from space 5120K, 99% used [0x00000000ecf00000,0x00000000ed3fda50,0x00000000ed400000)
  to   space 5120K, 0% used [0x00000000eca00000,0x00000000eca00000,0x00000000ecf00000)
 ParOldGen       total 83968K, used 3393K [0x00000000c0000000, 0x00000000c5200000, 0x00000000eaa80000)
  object space 83968K, 4% used [0x00000000c0000000,0x00000000c03505a8,0x00000000c5200000)
 PSPermGen       total 21504K, used 5959K [0x00000000bae00000, 0x00000000bc300000, 0x00000000c0000000)
  object space 21504K, 27% used [0x00000000bae00000,0x00000000bb3d1c18,0x00000000bc300000)
Event: 2.633 GC heap after
Heap after GC invocations=3 (full 0):
 PSYoungGen      total 37376K, used 5108K [0x00000000eaa80000, 0x00000000ef380000, 0x0000000100000000)
  eden space 32256K, 0% used [0x00000000eaa80000,0x00000000eaa80000,0x00000000eca00000)
  from space 5120K, 99% used [0x00000000eca00000,0x00000000ecefd370,0x00000000ecf00000)
  to   space 5120K, 0% used [0x00000000eee80000,0x00000000eee80000,0x00000000ef380000)
 ParOldGen       total 83968K, used 8009K [0x00000000c0000000, 0x00000000c5200000, 0x00000000eaa80000)
  object space 83968K, 9% used [0x00000000c0000000,0x00000000c07d2778,0x00000000c5200000)
 PSPermGen       total 21504K, used 5959K [0x00000000bae00000, 0x00000000bc300000, 0x00000000c0000000)
  object space 21504K, 27% used [0x00000000bae00000,0x00000000bb3d1c18,0x00000000bc300000)
}
Event: 2.790 GC heap before
{Heap before GC invocations=4 (full 0):
 PSYoungGen      total 37376K, used 37364K [0x00000000eaa80000, 0x00000000ef380000, 0x0000000100000000)
  eden space 32256K, 100% used [0x00000000eaa80000,0x00000000eca00000,0x00000000eca00000)
  from space 5120K, 99% used [0x00000000eca00000,0x00000000ecefd370,0x00000000ecf00000)
  to   space 5120K, 0% used [0x00000000eee80000,0x00000000eee80000,0x00000000ef380000)
 ParOldGen       total 83968K, used 8011K [0x00000000c0000000, 0x00000000c5200000, 0x00000000eaa80000)
  object space 83968K, 9% used [0x00000000c0000000,0x00000000c07d2fa0,0x00000000c5200000)
 PSPermGen       total 21504K, used 5978K [0x00000000bae00000, 0x00000000bc300000, 0x00000000c0000000)
  object space 21504K, 27% used [0x00000000bae00000,0x00000000bb3d6850,0x00000000bc300000)
Event: 2.810 GC heap after
Heap after GC invocations=4 (full 0):
 PSYoungGen      total 69632K, used 5113K [0x00000000eaa80000, 0x00000000ef380000, 0x0000000100000000)
  eden space 64512K, 0% used [0x00000000eaa80000,0x00000000eaa80000,0x00000000ee980000)
  from space 5120K, 99% used [0x00000000eee80000,0x00000000ef37e5e8,0x00000000ef380000)
  to   space 5120K, 0% used [0x00000000ee980000,0x00000000ee980000,0x00000000eee80000)
 ParOldGen       total 83968K, used 13722K [0x00000000c0000000, 0x00000000c5200000, 0x00000000eaa80000)
  object space 83968K, 16% used [0x00000000c0000000,0x00000000c0d66ad0,0x00000000c5200000)
 PSPermGen       total 21504K, used 5978K [0x00000000bae00000, 0x00000000bc300000, 0x00000000c0000000)
  object space 21504K, 27% used [0x00000000bae00000,0x00000000bb3d6850,0x00000000bc300000)
}
Event: 2.827 GC heap before
{Heap before GC invocations=5 (full 0):
 PSYoungGen      total 69632K, used 8311K [0x00000000eaa80000, 0x00000000ef380000, 0x0000000100000000)
  eden space 64512K, 4% used [0x00000000eaa80000,0x00000000ead9f8b8,0x00000000ee980000)
  from space 5120K, 99% used [0x00000000eee80000,0x00000000ef37e5e8,0x00000000ef380000)
  to   space 5120K, 0% used [0x00000000ee980000,0x00000000ee980000,0x00000000eee80000)
 ParOldGen       total 83968K, used 13722K [0x00000000c0000000, 0x00000000c5200000, 0x00000000eaa80000)
  object space 83968K, 16% used [0x00000000c0000000,0x00000000c0d66ad0,0x00000000c5200000)
 PSPermGen       total 21504K, used 5978K [0x00000000bae00000, 0x00000000bc300000, 0x00000000c0000000)
  object space 21504K, 27% used [0x00000000bae00000,0x00000000bb3d6b18,0x00000000bc300000)
Event: 2.845 GC heap after
Heap after GC invocations=5 (full 0):
 PSYoungGen      total 69632K, used 5113K [0x00000000eaa80000, 0x00000000f4280000, 0x0000000100000000)
  eden space 64512K, 0% used [0x00000000eaa80000,0x00000000eaa80000,0x00000000ee980000)
  from space 5120K, 99% used [0x00000000ee980000,0x00000000eee7e5e8,0x00000000eee80000)
  to   space 13312K, 0% used [0x00000000f3580000,0x00000000f3580000,0x00000000f4280000)
 ParOldGen       total 83968K, used 14190K [0x00000000c0000000, 0x00000000c5200000, 0x00000000eaa80000)
  object space 83968K, 16% used [0x00000000c0000000,0x00000000c0ddbb30,0x00000000c5200000)
 PSPermGen       total 21504K, used 5978K [0x00000000bae00000, 0x00000000bc300000, 0x00000000c0000000)
  object space 21504K, 27% used [0x00000000bae00000,0x00000000bb3d6b18,0x00000000bc300000)
}
Event: 3.173 GC heap before
{Heap before GC invocations=6 (full 0):
 PSYoungGen      total 69632K, used 69625K [0x00000000eaa80000, 0x00000000f4280000, 0x0000000100000000)
  eden space 64512K, 100% used [0x00000000eaa80000,0x00000000ee980000,0x00000000ee980000)
  from space 5120K, 99% used [0x00000000ee980000,0x00000000eee7e5e8,0x00000000eee80000)
  to   space 13312K, 0% used [0x00000000f3580000,0x00000000f3580000,0x00000000f4280000)
 ParOldGen       total 83968K, used 14190K [0x00000000c0000000, 0x00000000c5200000, 0x00000000eaa80000)
  object space 83968K, 16% used [0x00000000c0000000,0x00000000c0ddbb30,0x00000000c5200000)
 PSPermGen       total 21504K, used 6027K [0x00000000bae00000, 0x00000000bc300000, 0x00000000c0000000)
  object space 21504K, 28% used [0x00000000bae00000,0x00000000bb3e2ee0,0x00000000bc300000)
Event: 3.194 GC heap after
Heap after GC invocations=6 (full 0):
 PSYoungGen      total 138752K, used 13305K [0x00000000eaa80000, 0x00000000f4980000, 0x0000000100000000)
  eden space 125440K, 0% used [0x00000000eaa80000,0x00000000eaa80000,0x00000000f2500000)
  from space 13312K, 99% used [0x00000000f3580000,0x00000000f427e5e8,0x00000000f4280000)
  to   space 16896K, 0% used [0x00000000f2500000,0x00000000f2500000,0x00000000f3580000)
 ParOldGen       total 83968K, used 16758K [0x00000000c0000000, 0x00000000c5200000, 0x00000000eaa80000)
  object space 83968K, 19% used [0x00000000c0000000,0x00000000c105d9f8,0x00000000c5200000)
 PSPermGen       total 21504K, used 6027K [0x00000000bae00000, 0x00000000bc300000, 0x00000000c0000000)
  object space 21504K, 28% used [0x00000000bae00000,0x00000000bb3e2ee0,0x00000000bc300000)
}
Event: 3.725 GC heap before
{Heap before GC invocations=7 (full 0):
 PSYoungGen      total 138752K, used 138745K [0x00000000eaa80000, 0x00000000f4980000, 0x0000000100000000)
  eden space 125440K, 100% used [0x00000000eaa80000,0x00000000f2500000,0x00000000f2500000)
  from space 13312K, 99% used [0x00000000f3580000,0x00000000f427e5e8,0x00000000f4280000)
  to   space 16896K, 0% used [0x00000000f2500000,0x00000000f2500000,0x00000000f3580000)
 ParOldGen       total 83968K, used 16758K [0x00000000c0000000, 0x00000000c5200000, 0x00000000eaa80000)
  object space 83968K, 19% used [0x00000000c0000000,0x00000000c105d9f8,0x00000000c5200000)
 PSPermGen       total 21504K, used 6114K [0x00000000bae00000, 0x00000000bc300000, 0x00000000c0000000)
  object space 21504K, 28% used [0x00000000bae00000,0x00000000bb3f89c0,0x00000000bc300000)
Event: 3.775 GC heap after
Heap after GC invocations=7 (full 0):
 PSYoungGen      total 142336K, used 16885K [0x00000000eaa80000, 0x00000000fd680000, 0x0000000100000000)
  eden space 125440K, 0% used [0x00000000eaa80000,0x00000000eaa80000,0x00000000f2500000)
  from space 16896K, 99% used [0x00000000f2500000,0x00000000f357d5e0,0x00000000f3580000)
  to   space 28160K, 0% used [0x00000000fbb00000,0x00000000fbb00000,0x00000000fd680000)
 ParOldGen       total 83968K, used 33399K [0x00000000c0000000, 0x00000000c5200000, 0x00000000eaa80000)
  object space 83968K, 39% used [0x00000000c0000000,0x00000000c209de88,0x00000000c5200000)
 PSPermGen       total 21504K, used 6114K [0x00000000bae00000, 0x00000000bc300000, 0x00000000c0000000)
  object space 21504K, 28% used [0x00000000bae00000,0x00000000bb3f89c0,0x00000000bc300000)
}

